<?xml version="1.0" encoding="UTF-8"?>
<!-- Generated by org.testng.reporters.JUnitReportReporter -->
<testsuite hostname="WARDV250124-L87" name="PoliticasDeSeguridad.ModificarContrasenhaWF" tests="7" failures="0" timestamp="22 May 2018 20:24:13 GMT" time="20.736" errors="0">
  <testcase name="positiveCase" time="1.147" classname="PoliticasDeSeguridad.ModificarContrasenhaWF"/>
  <testcase name="navigation" time="2.306" classname="PoliticasDeSeguridad.ModificarContrasenhaWF"/>
  <testcase name="userToModify" time="1.419" classname="PoliticasDeSeguridad.ModificarContrasenhaWF"/>
  <testcase name="launchWF" time="8.128" classname="PoliticasDeSeguridad.ModificarContrasenhaWF"/>
  <testcase name="loginAdmin" time="0.299" classname="PoliticasDeSeguridad.ModificarContrasenhaWF"/>
  <testcase name="eraseUserToModify" time="3.805" classname="PoliticasDeSeguridad.ModificarContrasenhaWF"/>
  <testcase name="negativeCase" time="3.632" classname="PoliticasDeSeguridad.ModificarContrasenhaWF"/>
</testsuite> <!-- PoliticasDeSeguridad.ModificarContrasenhaWF -->
