<?xml version="1.0" encoding="UTF-8"?>
<!-- Generated by org.testng.reporters.JUnitReportReporter -->
<testsuite hostname="WARDV250124-L87" name="abmPosOperator.CrearModificarEliminarUsuario" tests="7" failures="0" timestamp="15 Jun 2018 17:52:51 GMT" time="93.676" errors="0">
  <testcase name="modifyUser" time="15.226" classname="abmPosOperator.CrearModificarEliminarUsuario"/>
  <testcase name="createTestUser" time="14.645" classname="abmPosOperator.CrearModificarEliminarUsuario"/>
  <testcase name="insertNewUser" time="15.365" classname="abmPosOperator.CrearModificarEliminarUsuario"/>
  <testcase name="deleteUser" time="5.318" classname="abmPosOperator.CrearModificarEliminarUsuario"/>
  <testcase name="launchWF" time="16.641" classname="abmPosOperator.CrearModificarEliminarUsuario"/>
  <testcase name="deleteTestUser" time="10.656" classname="abmPosOperator.CrearModificarEliminarUsuario"/>
  <testcase name="goToMantenimientoUsuarios" time="15.825" classname="abmPosOperator.CrearModificarEliminarUsuario"/>
</testsuite> <!-- abmPosOperator.CrearModificarEliminarUsuario -->
