<?xml version="1.0" encoding="UTF-8"?>
<!-- Generated by org.testng.reporters.JUnitReportReporter -->
<testsuite hostname="WARDV250124-L87" name="userWatcher.TestingResults" tests="2" failures="0" timestamp="25 Jun 2018 21:04:00 GMT" time="1.556" errors="0">
  <testcase name="settingParameters" time="0.501" classname="userWatcher.TestingResults"/>
  <testcase name="checkDbCtl" time="1.055" classname="userWatcher.TestingResults"/>
</testsuite> <!-- userWatcher.TestingResults -->
