<?xml version="1.0" encoding="UTF-8"?>
<!-- Generated by org.testng.reporters.JUnitReportReporter -->
<testsuite hostname="WARDV250124-L87" name="abmPosOperator.CrearModificarEliminarUsuario" tests="7" failures="0" timestamp="4 Jul 2018 17:35:54 GMT" time="125.442" errors="0">
  <testcase name="modifyUser" time="31.765" classname="abmPosOperator.CrearModificarEliminarUsuario"/>
  <testcase name="createTestUser" time="10.169" classname="abmPosOperator.CrearModificarEliminarUsuario"/>
  <testcase name="insertNewUser" time="37.097" classname="abmPosOperator.CrearModificarEliminarUsuario"/>
  <testcase name="deleteUser" time="19.237" classname="abmPosOperator.CrearModificarEliminarUsuario"/>
  <testcase name="launchWF" time="8.820" classname="abmPosOperator.CrearModificarEliminarUsuario"/>
  <testcase name="deleteTestUser" time="8.752" classname="abmPosOperator.CrearModificarEliminarUsuario"/>
  <testcase name="goToMantenimientoUsuarios" time="9.602" classname="abmPosOperator.CrearModificarEliminarUsuario"/>
</testsuite> <!-- abmPosOperator.CrearModificarEliminarUsuario -->
