<?xml version="1.0" encoding="UTF-8"?>
<!-- Generated by org.testng.reporters.JUnitReportReporter -->
<testsuite hostname="WARDV250124-L87" name="abmPosOperator.HabilitarDeshabilitar" tests="8" failures="0" timestamp="4 Jul 2018 17:55:27 GMT" time="115.347" errors="0">
  <testcase name="deleteTestUser" time="6.085" classname="abmPosOperator.HabilitarDeshabilitar"/>
  <testcase name="createTestUser" time="4.830" classname="abmPosOperator.HabilitarDeshabilitar"/>
  <testcase name="launchWFAndSetParameters" time="5.763" classname="abmPosOperator.HabilitarDeshabilitar"/>
  <testcase name="goToMantenimientoUsuarios" time="2.536" classname="abmPosOperator.HabilitarDeshabilitar"/>
  <testcase name="deleteUser" time="18.830" classname="abmPosOperator.HabilitarDeshabilitar"/>
  <testcase name="disablePosOperator" time="22.222" classname="abmPosOperator.HabilitarDeshabilitar"/>
  <testcase name="enablePosOperator" time="24.337" classname="abmPosOperator.HabilitarDeshabilitar"/>
  <testcase name="insertNewUser" time="30.744" classname="abmPosOperator.HabilitarDeshabilitar"/>
</testsuite> <!-- abmPosOperator.HabilitarDeshabilitar -->
