<?xml version="1.0" encoding="UTF-8"?>
<!-- Generated by org.testng.reporters.JUnitReportReporter -->
<testsuite hostname="WARDV250124-L87" name="abmPosOperator.CrearModificarEliminarUsuario" tests="7" failures="0" timestamp="2 Jul 2018 22:01:49 GMT" time="68.939" errors="0">
  <testcase name="modifyUser" time="9.148" classname="abmPosOperator.CrearModificarEliminarUsuario"/>
  <testcase name="createTestUser" time="6.285" classname="abmPosOperator.CrearModificarEliminarUsuario"/>
  <testcase name="insertNewUser" time="14.770" classname="abmPosOperator.CrearModificarEliminarUsuario"/>
  <testcase name="deleteUser" time="8.644" classname="abmPosOperator.CrearModificarEliminarUsuario"/>
  <testcase name="launchWF" time="20.571" classname="abmPosOperator.CrearModificarEliminarUsuario"/>
  <testcase name="deleteTestUser" time="7.045" classname="abmPosOperator.CrearModificarEliminarUsuario"/>
  <testcase name="goToMantenimientoUsuarios" time="2.476" classname="abmPosOperator.CrearModificarEliminarUsuario"/>
</testsuite> <!-- abmPosOperator.CrearModificarEliminarUsuario -->
