<?xml version="1.0" encoding="UTF-8"?>
<!-- Generated by org.testng.reporters.JUnitReportReporter -->
<testsuite hostname="WARDV250124-L87" name="PoliticasDeSeguridad.CrearUsuarioWF" tests="5" failures="0" timestamp="29 May 2018 19:57:57 GMT" time="15.743" errors="0">
  <testcase name="launchWF" time="4.662" classname="PoliticasDeSeguridad.CrearUsuarioWF"/>
  <testcase name="loginAdmin" time="0.321" classname="PoliticasDeSeguridad.CrearUsuarioWF"/>
  <testcase name="navigation" time="2.613" classname="PoliticasDeSeguridad.CrearUsuarioWF"/>
  <testcase name="NegativeCase" time="5.883" classname="PoliticasDeSeguridad.CrearUsuarioWF"/>
  <testcase name="PositiveCase" time="2.264" classname="PoliticasDeSeguridad.CrearUsuarioWF"/>
</testsuite> <!-- PoliticasDeSeguridad.CrearUsuarioWF -->
