<?xml version="1.0" encoding="UTF-8"?>
<!-- Generated by org.testng.reporters.JUnitReportReporter -->
<testsuite hostname="WARDV250124-L87" name="PoliticasDeSeguridad.CrearContrasenhaWF" tests="5" failures="0" timestamp="22 May 2018 20:18:58 GMT" time="17.783" errors="0">
  <testcase name="NegativeCase" time="7.825" classname="PoliticasDeSeguridad.CrearContrasenhaWF"/>
  <testcase name="navigation" time="2.331" classname="PoliticasDeSeguridad.CrearContrasenhaWF"/>
  <testcase name="loginAdmin" time="0.350" classname="PoliticasDeSeguridad.CrearContrasenhaWF"/>
  <testcase name="launchWF" time="5.139" classname="PoliticasDeSeguridad.CrearContrasenhaWF"/>
  <testcase name="PositiveCase" time="2.138" classname="PoliticasDeSeguridad.CrearContrasenhaWF"/>
</testsuite> <!-- PoliticasDeSeguridad.CrearContrasenhaWF -->
