<?xml version="1.0" encoding="UTF-8"?>
<!-- Generated by org.testng.reporters.JUnitReportReporter -->
<testsuite hostname="WARDV250124-L87" name="userWatcher.TestingResults" tests="2" failures="0" timestamp="14 Jun 2018 19:52:14 GMT" time="14.329" errors="0">
  <testcase name="launchWF" time="11.451" classname="userWatcher.TestingResults"/>
  <testcase name="checkDbCtlAndWF" time="2.878" classname="userWatcher.TestingResults"/>
</testsuite> <!-- userWatcher.TestingResults -->
