<?xml version="1.0" encoding="UTF-8"?>
<!-- Generated by org.testng.reporters.JUnitReportReporter -->
<testsuite hostname="WARDV250124-L87" name="abmPosOperator.ValidacionCampos" tests="5" failures="0" timestamp="28 Jun 2018 20:39:17 GMT" time="249.970" errors="0">
  <testcase name="validateFields" time="135.308" classname="abmPosOperator.ValidacionCampos"/>
  <testcase name="goToMantenimientoUsuarios" time="32.839" classname="abmPosOperator.ValidacionCampos"/>
  <testcase name="launchWF" time="10.690" classname="abmPosOperator.ValidacionCampos"/>
  <testcase name="createTestUser" time="35.269" classname="abmPosOperator.ValidacionCampos"/>
  <testcase name="deleteTestUser" time="35.864" classname="abmPosOperator.ValidacionCampos"/>
</testsuite> <!-- abmPosOperator.ValidacionCampos -->
