<?xml version="1.0" encoding="UTF-8"?>
<!-- Generated by org.testng.reporters.JUnitReportReporter -->
<testsuite hostname="WARDV250124-L87" name="abmPosOperator.ValidacionCampoNombre" tests="5" failures="0" timestamp="28 Jun 2018 16:48:55 GMT" time="202.408" errors="0">
  <testcase name="deleteTestUser" time="35.900" classname="abmPosOperator.ValidacionCampoNombre"/>
  <testcase name="createTestUser" time="35.983" classname="abmPosOperator.ValidacionCampoNombre"/>
  <testcase name="launchWF" time="15.005" classname="abmPosOperator.ValidacionCampoNombre"/>
  <testcase name="validateNameField" time="82.018" classname="abmPosOperator.ValidacionCampoNombre"/>
  <testcase name="goToMantenimientoUsuarios" time="33.502" classname="abmPosOperator.ValidacionCampoNombre"/>
</testsuite> <!-- abmPosOperator.ValidacionCampoNombre -->
