<?xml version="1.0" encoding="UTF-8"?>
<!-- Generated by org.testng.reporters.JUnitReportReporter -->
<testsuite hostname="WARDV250124-L87" name="abmPosOperator.Desbloquear" tests="2" failures="0" timestamp="5 Jul 2018 17:13:54 GMT" time="4.725" errors="0">
  <testcase name="insertNewUsers" time="0.118" classname="abmPosOperator.Desbloquear"/>
  <testcase name="getParametersLaunchBrowser" time="4.607" classname="abmPosOperator.Desbloquear"/>
</testsuite> <!-- abmPosOperator.Desbloquear -->
