<?xml version="1.0" encoding="UTF-8"?>
<!-- Generated by org.testng.reporters.JUnitReportReporter -->
<testsuite hostname="WARDV250124-L87" name="PoliticasDeSeguridad.ModificarUsuarioWF" tests="7" failures="0" timestamp="22 May 2018 20:14:35 GMT" time="19.580" errors="0">
  <testcase name="modificarCasoPositivo" time="1.186" classname="PoliticasDeSeguridad.ModificarUsuarioWF"/>
  <testcase name="navigation" time="2.473" classname="PoliticasDeSeguridad.ModificarUsuarioWF"/>
  <testcase name="userToModify" time="1.486" classname="PoliticasDeSeguridad.ModificarUsuarioWF"/>
  <testcase name="launchWF" time="6.383" classname="PoliticasDeSeguridad.ModificarUsuarioWF"/>
  <testcase name="loginAdmin" time="0.304" classname="PoliticasDeSeguridad.ModificarUsuarioWF"/>
  <testcase name="eraseUserToModify" time="3.819" classname="PoliticasDeSeguridad.ModificarUsuarioWF"/>
  <testcase name="modificarCasoNegativo" time="3.929" classname="PoliticasDeSeguridad.ModificarUsuarioWF"/>
</testsuite> <!-- PoliticasDeSeguridad.ModificarUsuarioWF -->
